{"C:\\Users\\natal\\OneDrive\\Escritorio\\Curso N1.5\\Kata-SOLID\\src\\telemetry-client.ts": {"path":"C:\\Users\\natal\\OneDrive\\Escritorio\\Curso N1.5\\Kata-SOLID\\src\\telemetry-client.ts","statementMap":{"0":{"start":{"line":6,"column":4},"end":{"line":6,"column":30}},"1":{"start":{"line":7,"column":4},"end":{"line":7,"column":38}},"2":{"start":{"line":11,"column":4},"end":{"line":11,"column":19}},"3":{"start":{"line":15,"column":4},"end":{"line":15,"column":29}},"4":{"start":{"line":19,"column":4},"end":{"line":21,"column":null}},"5":{"start":{"line":20,"column":6},"end":{"line":20,"column":75}},"6":{"start":{"line":24,"column":20},"end":{"line":24,"column":62}},"7":{"start":{"line":26,"column":4},"end":{"line":26,"column":32}},"8":{"start":{"line":30,"column":4},"end":{"line":30,"column":30}},"9":{"start":{"line":34,"column":4},"end":{"line":36,"column":null}},"10":{"start":{"line":35,"column":6},"end":{"line":35,"column":51}},"11":{"start":{"line":38,"column":4},"end":{"line":57,"column":null}},"12":{"start":{"line":40,"column":6},"end":{"line":54,"column":42}},"13":{"start":{"line":56,"column":6},"end":{"line":56,"column":13}},"14":{"start":{"line":65,"column":4},"end":{"line":75,"column":null}},"15":{"start":{"line":67,"column":6},"end":{"line":67,"column":19}},"16":{"start":{"line":68,"column":28},"end":{"line":68,"column":67}},"17":{"start":{"line":69,"column":6},"end":{"line":71,"column":null}},"18":{"start":{"line":69,"column":19},"end":{"line":69,"column":32}},"19":{"start":{"line":70,"column":8},"end":{"line":70,"column":70}},"20":{"start":{"line":73,"column":6},"end":{"line":73,"column":45}},"21":{"start":{"line":74,"column":6},"end":{"line":74,"column":40}},"22":{"start":{"line":77,"column":4},"end":{"line":77,"column":19}},"23":{"start":{"line":82,"column":18},"end":{"line":82,"column":31}},"24":{"start":{"line":83,"column":4},"end":{"line":83,"column":51}},"25":{"start":{"line":1,"column":0},"end":{"line":1,"column":21}}},"fnMap":{"0":{"name":"(anonymous_0)","decl":{"start":{"line":5,"column":2},"end":{"line":5,"column":null}},"loc":{"start":{"line":5,"column":2},"end":{"line":8,"column":3}}},"1":{"name":"(anonymous_1)","decl":{"start":{"line":10,"column":9},"end":{"line":10,"column":26}},"loc":{"start":{"line":10,"column":26},"end":{"line":12,"column":3}}},"2":{"name":"(anonymous_2)","decl":{"start":{"line":14,"column":9},"end":{"line":14,"column":24}},"loc":{"start":{"line":14,"column":24},"end":{"line":16,"column":3}}},"3":{"name":"(anonymous_3)","decl":{"start":{"line":18,"column":9},"end":{"line":18,"column":16}},"loc":{"start":{"line":18,"column":56},"end":{"line":27,"column":3}}},"4":{"name":"(anonymous_4)","decl":{"start":{"line":29,"column":9},"end":{"line":29,"column":19}},"loc":{"start":{"line":29,"column":19},"end":{"line":31,"column":3}}},"5":{"name":"(anonymous_5)","decl":{"start":{"line":33,"column":9},"end":{"line":33,"column":13}},"loc":{"start":{"line":33,"column":29},"end":{"line":60,"column":3}}},"6":{"name":"(anonymous_6)","decl":{"start":{"line":62,"column":9},"end":{"line":62,"column":16}},"loc":{"start":{"line":62,"column":16},"end":{"line":78,"column":3}}},"7":{"name":"(anonymous_7)","decl":{"start":{"line":81,"column":10},"end":{"line":81,"column":35}},"loc":{"start":{"line":81,"column":60},"end":{"line":84,"column":3}}}},"branchMap":{"0":{"loc":{"start":{"line":19,"column":4},"end":{"line":21,"column":null}},"type":"if","locations":[{"start":{"line":19,"column":4},"end":{"line":21,"column":null}}]},"1":{"loc":{"start":{"line":34,"column":4},"end":{"line":36,"column":null}},"type":"if","locations":[{"start":{"line":34,"column":4},"end":{"line":36,"column":null}}]},"2":{"loc":{"start":{"line":38,"column":4},"end":{"line":57,"column":null}},"type":"if","locations":[{"start":{"line":38,"column":4},"end":{"line":57,"column":null}}]},"3":{"loc":{"start":{"line":65,"column":4},"end":{"line":75,"column":null}},"type":"if","locations":[{"start":{"line":65,"column":4},"end":{"line":75,"column":null}},{"start":{"line":72,"column":11},"end":{"line":75,"column":null}}]}},"s":{"0":0,"1":0,"2":0,"3":0,"4":0,"5":0,"6":0,"7":0,"8":0,"9":0,"10":0,"11":0,"12":0,"13":0,"14":0,"15":0,"16":0,"17":0,"18":0,"19":0,"20":0,"21":0,"22":0,"23":0,"24":0,"25":1},"f":{"0":0,"1":0,"2":0,"3":0,"4":0,"5":0,"6":0,"7":0},"b":{"0":[0],"1":[0],"2":[0],"3":[0,0]}}
,"C:\\Users\\natal\\OneDrive\\Escritorio\\Curso N1.5\\Kata-SOLID\\src\\telemetry-diagnostic-controls.ts": {"path":"C:\\Users\\natal\\OneDrive\\Escritorio\\Curso N1.5\\Kata-SOLID\\src\\telemetry-diagnostic-controls.ts","statementMap":{"0":{"start":{"line":1,"column":0},"end":{"line":1,"column":49}},"1":{"start":{"line":10,"column":4},"end":{"line":10,"column":53}},"2":{"start":{"line":11,"column":4},"end":{"line":11,"column":49}},"3":{"start":{"line":12,"column":4},"end":{"line":12,"column":29}},"4":{"start":{"line":16,"column":4},"end":{"line":16,"column":31}},"5":{"start":{"line":20,"column":4},"end":{"line":20,"column":35}},"6":{"start":{"line":24,"column":4},"end":{"line":24,"column":29}},"7":{"start":{"line":26,"column":4},"end":{"line":26,"column":38}},"8":{"start":{"line":28,"column":20},"end":{"line":28,"column":21}},"9":{"start":{"line":29,"column":4},"end":{"line":32,"column":null}},"10":{"start":{"line":30,"column":6},"end":{"line":30,"column":75}},"11":{"start":{"line":31,"column":6},"end":{"line":31,"column":21}},"12":{"start":{"line":34,"column":4},"end":{"line":36,"column":null}},"13":{"start":{"line":35,"column":6},"end":{"line":35,"column":43}},"14":{"start":{"line":38,"column":4},"end":{"line":38,"column":72}},"15":{"start":{"line":39,"column":4},"end":{"line":39,"column":57}},"16":{"start":{"line":3,"column":0},"end":{"line":3,"column":21}}},"fnMap":{"0":{"name":"(anonymous_1)","decl":{"start":{"line":9,"column":2},"end":{"line":9,"column":null}},"loc":{"start":{"line":9,"column":2},"end":{"line":13,"column":3}}},"1":{"name":"(anonymous_2)","decl":{"start":{"line":15,"column":9},"end":{"line":15,"column":27}},"loc":{"start":{"line":15,"column":27},"end":{"line":17,"column":3}}},"2":{"name":"(anonymous_3)","decl":{"start":{"line":19,"column":9},"end":{"line":19,"column":28}},"loc":{"start":{"line":19,"column":45},"end":{"line":21,"column":3}}},"3":{"name":"(anonymous_4)","decl":{"start":{"line":23,"column":9},"end":{"line":23,"column":26}},"loc":{"start":{"line":23,"column":26},"end":{"line":40,"column":3}}}},"branchMap":{"0":{"loc":{"start":{"line":29,"column":11},"end":{"line":29,"column":76}},"type":"binary-expr","locations":[{"start":{"line":29,"column":11},"end":{"line":29,"column":59}},{"start":{"line":29,"column":63},"end":{"line":29,"column":76}}]},"1":{"loc":{"start":{"line":34,"column":4},"end":{"line":36,"column":null}},"type":"if","locations":[{"start":{"line":34,"column":4},"end":{"line":36,"column":null}}]}},"s":{"0":1,"1":1,"2":1,"3":1,"4":1,"5":0,"6":1,"7":1,"8":1,"9":1,"10":0,"11":0,"12":1,"13":0,"14":1,"15":1,"16":1},"f":{"0":1,"1":1,"2":0,"3":1},"b":{"0":[1,0],"1":[0]}}
}
