TN:
SF:src\telemetry-client.ts
FN:5,(anonymous_0)
FN:10,(anonymous_1)
FN:14,(anonymous_2)
FN:18,(anonymous_3)
FN:29,(anonymous_4)
FN:33,(anonymous_5)
FN:62,(anonymous_6)
FN:81,(anonymous_7)
FNF:8
FNH:0
FNDA:0,(anonymous_0)
FNDA:0,(anonymous_1)
FNDA:0,(anonymous_2)
FNDA:0,(anonymous_3)
FNDA:0,(anonymous_4)
FNDA:0,(anonymous_5)
FNDA:0,(anonymous_6)
FNDA:0,(anonymous_7)
DA:1,1
DA:6,0
DA:7,0
DA:11,0
DA:15,0
DA:19,0
DA:20,0
DA:24,0
DA:26,0
DA:30,0
DA:34,0
DA:35,0
DA:38,0
DA:40,0
DA:56,0
DA:65,0
DA:67,0
DA:68,0
DA:69,0
DA:70,0
DA:73,0
DA:74,0
DA:77,0
DA:82,0
DA:83,0
LF:25
LH:1
BRDA:19,0,0,0
BRDA:34,1,0,0
BRDA:38,2,0,0
BRDA:65,3,0,0
BRDA:65,3,1,0
BRF:5
BRH:0
end_of_record
TN:
SF:src\telemetry-diagnostic-controls.ts
FN:9,(anonymous_1)
FN:15,(anonymous_2)
FN:19,(anonymous_3)
FN:23,(anonymous_4)
FNF:4
FNH:3
FNDA:1,(anonymous_1)
FNDA:1,(anonymous_2)
FNDA:0,(anonymous_3)
FNDA:1,(anonymous_4)
DA:1,1
DA:3,1
DA:10,1
DA:11,1
DA:12,1
DA:16,1
DA:20,0
DA:24,1
DA:26,1
DA:28,1
DA:29,1
DA:30,0
DA:31,0
DA:34,1
DA:35,0
DA:38,1
DA:39,1
LF:17
LH:13
BRDA:29,0,0,1
BRDA:29,0,1,0
BRDA:34,1,0,0
BRF:3
BRH:1
end_of_record
